<?xml version="1.0" encoding="UTF-8"?>
<!-- Generated by org.testng.reporters.JUnitXMLReporter -->
<testsuite hostname="IAMROCZ" ignored="0" name="Test" tests="2" failures="1" timestamp="24 Sep 2018 06:02:08 GMT" time="35.445" errors="0">
  <testcase name="CustomerRegistration" time="20.335" classname="com.automation.ecommerce.homePage.TC_001CustomerRegistration"/>
  <testcase name="CustomerRegistration" time="20.356" classname="com.automation.ecommerce.homePage.TC_001CustomerRegistration">
    <failure type="java.lang.NullPointerException">
      <![CDATA[java.lang.NullPointerException
at com.automation.ecommerce.listeners.Listeners.onTestSuccess(Listeners.java:32)
... Removed 22 stack frames]]>
    </failure>
  </testcase> <!-- CustomerRegistration -->
</testsuite> <!-- Test -->
